<?xml version="1.0" encoding="UTF-8"?>
<testsuite xmlns:xsi="http://www.w3.org/2001/XMLSchema-instance" xsi:noNamespaceSchemaLocation="https://maven.apache.org/surefire/maven-surefire-plugin/xsd/surefire-test-report.xsd" version="3.0.2" name="springai.ai.AiApplicationTests" time="3.925" tests="1" errors="0" skipped="0" failures="0">
  <properties>
[...]
</properties>
  <testcase name="contextLoads" classname="springai.ai.AiApplicationTests" time="0.837">
    <system-out><![CDATA[20:56:28.857 [main] INFO org.springframework.test.context.support.AnnotationConfigContextLoaderUtils -- Could not detect default configuration classes for test class [springai.ai.AiApplicationTests]: AiApplicationTests does not declare any static, non-private, non-final, nested classes annotated with @Configuration.
20:56:28.969 [main] INFO org.springframework.boot.test.context.SpringBootTestContextBootstrapper -- Found @SpringBootConfiguration springai.ai.AiApplication for test class springai.ai.AiApplicationTests

  .   ____          _            __ _ _
 /\\ / ___'_ __ _ _(_)_ __  __ _ \ \ \ \
( ( )\___ | '_ | '_| | '_ \/ _` | \ \ \ \
 \\/  ___)| |_)| | | | | || (_| |  ) ) ) )
  '  |____| .__|_| |_|_| |_\__, | / / / /
 =========|_|==============|___/=/_/_/_/

 :: Spring Boot ::                (v3.4.3)

2025-04-06T20:56:29.546+08:00  INFO 20560 --- [AI] [           main] springai.ai.AiApplicationTests           : Starting AiApplicationTests using Java 17.0.13 with PID 20560 (started by 58404 in D:\code\java\Spring\SpringAI\AIDevelop\AI)
2025-04-06T20:56:29.547+08:00  INFO 20560 --- [AI] [           main] springai.ai.AiApplicationTests           : No active profile set, falling back to 1 default profile: "default"
2025-04-06T20:56:31.754+08:00  INFO 20560 --- [AI] [           main] springai.ai.AiApplicationTests           : Started AiApplicationTests in 2.605 seconds (process running for 3.67)
]]></system-out>
  </testcase>
</testsuite>